<?xml version="1.0" encoding="UTF-8"?>
<!-- Generated by org.testng.reporters.JUnitXMLReporter -->
<testsuite ignored="3" hostname="LAPTOP-GFESOBHC" failures="0" tests="1" name="Test" time="8.046" errors="0" timestamp="2022-06-30T15:43:05 EDT">
  <testcase classname="testCases.TC_001_AccountRegistration" name="test_accountRegistrartion" time="4.848"/>
  <testcase classname="testCases.TC_002_LogIN" name="test_LogIn" time="0.0">
    <ignored/>
  </testcase> <!-- test_LogIn -->
  <testcase classname="testCases.TC_003_LogInDDT" name="test_loginDDT" time="0.0">
    <ignored/>
  </testcase> <!-- test_loginDDT -->
  <testcase classname="testCases.TC_008_AddToCart" name="test_AddToCart" time="0.0">
    <ignored/>
  </testcase> <!-- test_AddToCart -->
</testsuite> <!-- Test -->
