<?xml version="1.0" encoding="UTF-8"?>
<testng-results skipped="0" failed="0" ignored="0" total="2" passed="2">
  <reporter-output>
  </reporter-output>
  <suite name="OpenCart" duration-ms="12237" started-at="2022-06-30T20:04:56 EDT" finished-at="2022-06-30T20:05:09 EDT">
    <groups>
      <group name="regression">
        <method signature="TC_002_LogIN.test_LogIn()[pri:0, instance:testCases.TC_002_LogIN@192d3247]" name="test_LogIn" class="testCases.TC_002_LogIN"/>
      </group> <!-- regression -->
      <group name="sanity">
        <method signature="TC_001_AccountRegistration.test_accountRegistrartion()[pri:1, instance:testCases.TC_001_AccountRegistration@37374a5e]" name="test_accountRegistrartion" class="testCases.TC_001_AccountRegistration"/>
      </group> <!-- sanity -->
      <group name="master">
        <method signature="TC_002_LogIN.test_LogIn()[pri:0, instance:testCases.TC_002_LogIN@192d3247]" name="test_LogIn" class="testCases.TC_002_LogIN"/>
        <method signature="TC_001_AccountRegistration.test_accountRegistrartion()[pri:1, instance:testCases.TC_001_AccountRegistration@37374a5e]" name="test_accountRegistrartion" class="testCases.TC_001_AccountRegistration"/>
      </group> <!-- master -->
    </groups>
    <test name="Test" duration-ms="12237" started-at="2022-06-30T20:04:56 EDT" finished-at="2022-06-30T20:05:09 EDT">
      <class name="testCases.TC_002_LogIN">
        <test-method status="PASS" signature="setup(java.lang.String)[pri:0, instance:testCases.TC_002_LogIN@192d3247]" name="setup" is-config="true" duration-ms="1323" started-at="2022-06-30T20:05:05 EDT" finished-at="2022-06-30T20:05:06 EDT">
          <params>
            <param index="0">
              <value>
                <![CDATA[chrome]]>
              </value>
            </param>
          </params>
          <reporter-output>
          </reporter-output>
        </test-method> <!-- setup -->
        <test-method status="PASS" signature="test_LogIn()[pri:0, instance:testCases.TC_002_LogIN@192d3247]" name="test_LogIn" duration-ms="2764" started-at="2022-06-30T20:05:06 EDT" finished-at="2022-06-30T20:05:09 EDT">
          <reporter-output>
          </reporter-output>
        </test-method> <!-- test_LogIn -->
        <test-method status="PASS" signature="teardown()[pri:0, instance:testCases.TC_002_LogIN@192d3247]" name="teardown" is-config="true" duration-ms="0" started-at="2022-06-30T20:05:09 EDT" finished-at="2022-06-30T20:05:09 EDT">
          <reporter-output>
          </reporter-output>
        </test-method> <!-- teardown -->
      </class> <!-- testCases.TC_002_LogIN -->
      <class name="testCases.TC_001_AccountRegistration">
        <test-method status="PASS" signature="setup(java.lang.String)[pri:0, instance:testCases.TC_001_AccountRegistration@37374a5e]" name="setup" is-config="true" duration-ms="3069" started-at="2022-06-30T20:04:57 EDT" finished-at="2022-06-30T20:05:00 EDT">
          <params>
            <param index="0">
              <value>
                <![CDATA[chrome]]>
              </value>
            </param>
          </params>
          <reporter-output>
          </reporter-output>
        </test-method> <!-- setup -->
        <test-method status="PASS" signature="test_accountRegistrartion()[pri:1, instance:testCases.TC_001_AccountRegistration@37374a5e]" name="test_accountRegistrartion" duration-ms="4821" started-at="2022-06-30T20:05:00 EDT" finished-at="2022-06-30T20:05:05 EDT">
          <reporter-output>
          </reporter-output>
        </test-method> <!-- test_accountRegistrartion -->
        <test-method status="PASS" signature="teardown()[pri:0, instance:testCases.TC_001_AccountRegistration@37374a5e]" name="teardown" is-config="true" duration-ms="0" started-at="2022-06-30T20:05:05 EDT" finished-at="2022-06-30T20:05:05 EDT">
          <reporter-output>
          </reporter-output>
        </test-method> <!-- teardown -->
      </class> <!-- testCases.TC_001_AccountRegistration -->
    </test> <!-- Test -->
  </suite> <!-- OpenCart -->
</testng-results>
