<?xml version="1.0" encoding="UTF-8"?>
<testng-results ignored="3" total="4" passed="1" failed="0" skipped="0">
  <reporter-output>
  </reporter-output>
  <suite started-at="2022-06-30T15:42:57 EDT" name="OpenCart" finished-at="2022-06-30T15:43:05 EDT" duration-ms="8046">
    <groups>
      <group name="sanity">
        <method signature="TC_001_AccountRegistration.test_accountRegistrartion()[pri:1, instance:testCases.TC_001_AccountRegistration@537f60bf]" name="test_accountRegistrartion" class="testCases.TC_001_AccountRegistration"/>
      </group> <!-- sanity -->
      <group name="master">
        <method signature="TC_001_AccountRegistration.test_accountRegistrartion()[pri:1, instance:testCases.TC_001_AccountRegistration@537f60bf]" name="test_accountRegistrartion" class="testCases.TC_001_AccountRegistration"/>
      </group> <!-- master -->
    </groups>
    <test started-at="2022-06-30T15:42:57 EDT" name="Test" finished-at="2022-06-30T15:43:05 EDT" duration-ms="8046">
      <class name="testCases.TC_001_AccountRegistration">
        <test-method is-config="true" signature="setup(java.lang.String)[pri:0, instance:testCases.TC_001_AccountRegistration@537f60bf]" started-at="2022-06-30T15:42:57 EDT" name="setup" finished-at="2022-06-30T15:43:00 EDT" duration-ms="2819" status="PASS">
          <params>
            <param index="0">
              <value>
                <![CDATA[chrome]]>
              </value>
            </param>
          </params>
          <reporter-output>
          </reporter-output>
        </test-method> <!-- setup -->
        <test-method signature="test_accountRegistrartion()[pri:1, instance:testCases.TC_001_AccountRegistration@537f60bf]" started-at="2022-06-30T15:43:00 EDT" name="test_accountRegistrartion" finished-at="2022-06-30T15:43:05 EDT" duration-ms="4848" status="PASS">
          <reporter-output>
          </reporter-output>
        </test-method> <!-- test_accountRegistrartion -->
        <test-method is-config="true" signature="teardown()[pri:0, instance:testCases.TC_001_AccountRegistration@537f60bf]" started-at="2022-06-30T15:43:05 EDT" name="teardown" finished-at="2022-06-30T15:43:05 EDT" duration-ms="0" status="PASS">
          <reporter-output>
          </reporter-output>
        </test-method> <!-- teardown -->
      </class> <!-- testCases.TC_001_AccountRegistration -->
    </test> <!-- Test -->
  </suite> <!-- OpenCart -->
</testng-results>
